C51 COMPILER V9.52.0.0   OTHER                                                             08/22/2020 17:18:55 PAGE 1   


C51 COMPILER V9.52.0.0, COMPILATION OF MODULE OTHER
OBJECT MODULE PLACED IN other.OBJ
COMPILER INVOKED BY: G:\51\C51\BIN\C51.EXE other.c ROM(SMALL) BROWSE DEBUG OBJECTEXTEND TABS(2)

line level    source

   1          #include <stdio.h>
   2          #include "other.h"
   3          
   4          
   5          void delay_ms(uint timer)   //毫秒延时程序
   6          {
   7   1        uchar i;
   8   1        while(timer--)
   9   1        {
  10   2          for(i=200;i>0;i--);
  11   2          for(i=120;i>0;i--);
  12   2        } 
  13   1      }
  14          
  15          
  16          void delay_us(uchar timer)    //微妙延时程序
  17          {
  18   1        while(timer--);
  19   1      }
  20          
  21          
  22          /*
  23           * 名称：binary_to_decimal()
  24           * 功能：二进制数据转换为十进制数据
  25           */
  26          /*
  27          uchar binary_to_decimal(uchar binary)
  28          {
  29            uchar decimal,i,j,binary_tmp;
  30            uchar sumtmp = 1;
  31            for(i=4;i>0;i--)
  32            {
  33              binary_tmp = binary&0x08;
  34              if(binary_tmp)
  35              {
  36                if(i>1)
  37                {
  38                  for(j=i;j>1;j--)
  39                  {
  40                    sumtmp = sumtmp*2;
  41                  }
  42                  decimal += sumtmp;
  43                  sumtmp = 1;
  44                }
  45                else if(i == 1)
  46                {
  47                  decimal += 1;
  48                }
  49                else
  50                {
  51                  ;
  52                } 
  53              }
  54              binary = binary<<1;
  55            }
C51 COMPILER V9.52.0.0   OTHER                                                             08/22/2020 17:18:55 PAGE 2   

  56            return decimal;
  57          }
  58          */


MODULE INFORMATION:   STATIC OVERLAYABLE
   CODE SIZE        =     33    ----
   CONSTANT SIZE    =   ----    ----
   XDATA SIZE       =   ----    ----
   PDATA SIZE       =   ----    ----
   DATA SIZE        =   ----    ----
   IDATA SIZE       =   ----    ----
   BIT SIZE         =   ----    ----
END OF MODULE INFORMATION.


C51 COMPILATION COMPLETE.  0 WARNING(S),  0 ERROR(S)
